<?xml version="1.0" encoding="UTF-8"?>
<testng-results ignored="1" total="2" passed="1" failed="0" skipped="0">
  <reporter-output>
  </reporter-output>
  <suite started-at="2025-07-06T12:26:21 IST" name="Default suite" finished-at="2025-07-06T12:26:30 IST" duration-ms="8241">
    <groups>
    </groups>
    <test started-at="2025-07-06T12:26:21 IST" name="Default test" finished-at="2025-07-06T12:26:30 IST" duration-ms="8241">
      <class name="day1.A">
        <test-method signature="verifyTitle()[pri:0, instance:day1.A@6cf0e0ba]" started-at="2025-07-06T12:26:22 IST" name="verifyTitle" finished-at="2025-07-06T12:26:30 IST" duration-ms="8180" status="PASS">
          <reporter-output>
          </reporter-output>
        </test-method> <!-- verifyTitle -->
      </class> <!-- day1.A -->
    </test> <!-- Default test -->
  </suite> <!-- Default suite -->
</testng-results>
