<?xml version="1.0" encoding="UTF-8"?>
<testng-results ignored="0" total="1" passed="1" failed="0" skipped="0">
  <reporter-output>
  </reporter-output>
  <suite started-at="2025-07-06T12:46:29 IST" name="Default suite" finished-at="2025-07-06T12:46:37 IST" duration-ms="7242">
    <groups>
    </groups>
    <test started-at="2025-07-06T12:46:29 IST" name="Default test" finished-at="2025-07-06T12:46:37 IST" duration-ms="7242">
      <class name="day1.B">
        <test-method signature="verifybtn()[pri:0, instance:day1.B@4f83df68]" started-at="2025-07-06T12:46:29 IST" name="verifybtn" finished-at="2025-07-06T12:46:37 IST" duration-ms="7176" status="PASS">
          <reporter-output>
          </reporter-output>
        </test-method> <!-- verifybtn -->
      </class> <!-- day1.B -->
    </test> <!-- Default test -->
  </suite> <!-- Default suite -->
</testng-results>
